test/testdata/dart/build/app/outputs/mapping/release/seeds.txt
io.flutter.embedding.engine.FlutterJNI: void ensureAttachedToNative()
io.flutter.embedding.engine.FlutterJNI: boolean nativeFlutterTextUtilsIsRegionalIndicator(int)
com.bugsnag.android.BreadcrumbType: com.bugsnag.android.BreadcrumbType valueOf(java.lang.String)
com.bugsnag.android.ndk.NativeBridge: java.util.Map makeSafeMetadata(java.util.Map)
io.flutter.embedding.engine.FlutterOverlaySurface: FlutterOverlaySurface(int,android.view.Surface)
io.flutter.plugin.editing.ImeSyncDeferringInsetsCallback: io.flutter.plugin.editing.ImeSyncDeferringInsetsCallback$AnimationCallback animationCallback
io.flutter.embedding.engine.plugins.lifecycle.HiddenLifecycleReference: androidx.lifecycle.Lifecycle lifecycle
com.bugsnag.android.ndk.NativeBridge: void setStaticJsonData(java.lang.String)
io.flutter.embedding.engine.mutatorsstack.FlutterMutatorsStack$FlutterMutatorType: io.flutter.embedding.engine.mutatorsstack.FlutterMutatorsStack$FlutterMutatorType valueOf(java.lang.String)
io.flutter.embedding.engine.mutatorsstack.FlutterMutatorsStack: android.graphics.Matrix getFinalMatrix()
com.bugsnag.android.Severity: com.bugsnag.android.Severity WARNING
com.bugsnag.android.NdkPlugin: void initCallbackCounts(java.util.Map)
com.bugsnag.android.ndk.NativeBridge: void setInternalMetricsEnabled(boolean)
io.flutter.embedding.engine.renderer.SurfaceTextureWrapper: void getTransformMatrix(float[])
android.support.v4.app.RemoteActionCompatParcelizer
com.bugsnag.android.NativeStackframe: void setFrameAddress(java.lang.Long)
com.bugsnag.android.NativeInterface
com.bugsnag.android.NativeInterface: void leaveBreadcrumb(byte[],com.bugsnag.android.BreadcrumbType)
io.flutter.plugin.editing.ImeSyncDeferringInsetsCallback: boolean access$300(io.flutter.plugin.editing.ImeSyncDeferringInsetsCallback)
io.flutter.embedding.android.FlutterSplashView$SavedState: java.lang.String access$600(io.flutter.embedding.android.FlutterSplashView$SavedState)
io.flutter.plugin.editing.ImeSyncDeferringInsetsCallback$AnimationCallback: void onEnd(android.view.WindowInsetsAnimation)
com.bugsnag.android.BreadcrumbState: void toStream(com.bugsnag.android.JsonStream)
com.bugsnag.android.AnrPlugin: com.bugsnag.android.AnrPlugin$Companion Companion
io.flutter.plugin.platform.SingleViewPresentation: android.widget.FrameLayout container
com.bugsnag.android.NdkPlugin: com.bugsnag.android.LibraryLoader libraryLoader
io.flutter.embedding.engine.FlutterJNI: void invokePlatformMessageResponseCallback(int,java.nio.ByteBuffer,int)
com.bugsnag.android.NativeInterface: void leaveBreadcrumb(java.lang.String,com.bugsnag.android.BreadcrumbType)
androidx.activity.ComponentActivity$2
io.flutter.embedding.engine.systemchannels.PlatformChannel$HapticFeedbackType: io.flutter.embedding.engine.systemchannels.PlatformChannel$HapticFeedbackType valueOf(java.lang.String)
com.bugsnag.android.ErrorType: com.bugsnag.android.ErrorType$Companion Companion
com.bugsnag.android.NativeInterface: void startSession()
io.flutter.embedding.engine.FlutterJNI: void invokePlatformMessageEmptyResponseCallback(int)
io.flutter.plugin.platform.SingleViewPresentation: io.flutter.plugin.platform.SingleViewPresentation$PresentationState detachState()
com.bugsnag.android.AnrPlugin: java.lang.String ANR_ERROR_CLASS
io.flutter.embedding.engine.FlutterJNI: long nativeAttach(io.flutter.embedding.engine.FlutterJNI,boolean)
com.bugsnag.android.AnrPlugin: void access$initNativePlugin(com.bugsnag.android.AnrPlugin)
com.bugsnag.android.ndk.NativeBridge: void removeMetadata(java.lang.String,java.lang.String)
io.flutter.view.AccessibilityViewEmbedder: android.view.View rootAccessibilityView
io.flutter.embedding.engine.FlutterJNI: void nativeInvokePlatformMessageResponseCallback(long,int,java.nio.ByteBuffer,int)
com.bugsnag.android.NativeStackframe: void setFile(java.lang.String)
androidx.lifecycle.Lifecycle$Event: androidx.lifecycle.Lifecycle$Event ON_PAUSE