test/testdata/dart/build/app/outputs/mapping/release/mapping.txt
# compiler: R8
# compiler_version: 2.1.86
# min_api: 16
# pg_map_id: 11c3a3f
# common_typos_disable
...
io.flutter.view.AccessibilityBridge -> io.flutter.view.c:
    io.flutter.view.AccessibilityViewEmbedder accessibilityViewEmbedder -> d
    io.flutter.embedding.engine.systemchannels.AccessibilityChannel accessibilityChannel -> b
    int accessibilityFeatureFlags -> l
    java.util.List flutterNavigationStack -> p
    io.flutter.plugin.platform.PlatformViewsAccessibilityDelegate platformViewsAccessibilityDelegate -> e
    io.flutter.view.AccessibilityBridge$OnAccessibilityChangeListener onAccessibilityChangeListener -> s
    int FIRST_RESOURCE_ID -> y
    io.flutter.view.AccessibilityBridge$SemanticsNode lastInputFocusedSemanticsNode -> n
    android.database.ContentObserver animationScaleObserver -> x
    android.view.View rootAccessibilityView -> a
    android.view.accessibility.AccessibilityManager accessibilityManager -> c
    java.util.Map flutterSemanticsTree -> g
    int previousRouteId -> q
    java.lang.Integer lastLeftFrameInset -> r
    java.lang.Integer embeddedAccessibilityFocusedNodeId -> j
    android.view.accessibility.AccessibilityManager$TouchExplorationStateChangeListener touchExplorationStateChangeListener -> w
    boolean isReleased -> t
    io.flutter.embedding.engine.systemchannels.AccessibilityChannel$AccessibilityMessageHandler accessibilityMessageHandler -> u
    io.flutter.view.AccessibilityBridge$SemanticsNode inputFocusedSemanticsNode -> m
    io.flutter.view.AccessibilityBridge$SemanticsNode hoveredObject -> o
io.flutter.view.AccessibilityBridge$1 -> io.flutter.view.c$a:
    io.flutter.view.AccessibilityBridge this$0 -> a
    1:1:void <init>(io.flutter.view.AccessibilityBridge):247:247 -> <init>
    1:3:void updateSemantics(java.nio.ByteBuffer,java.lang.String[],java.nio.ByteBuffer[]):286:288 -> a
    4:4:void updateSemantics(java.nio.ByteBuffer,java.lang.String[],java.nio.ByteBuffer[]):290:290 -> a
    1:2:void updateCustomAccessibilityActions(java.nio.ByteBuffer,java.lang.String[]):278:279 -> b
    1:4:void onTooltip(java.lang.String):269:272 -> c
    1:1:void onLongPress(int):263:263 -> d
    1:1:void onTap(int):257:257 -> e
    1:1:void announce(java.lang.String):251:251 -> f
io.flutter.view.AccessibilityBridge$2 -> io.flutter.view.c$b:
    io.flutter.view.AccessibilityBridge this$0 -> a
    1:1:void <init>(io.flutter.view.AccessibilityBridge):297:297 -> <init>
    1:1:void onAccessibilityStateChanged(boolean):300:300 -> onAccessibilityStateChanged
    2:3:void onAccessibilityStateChanged(boolean):304:305 -> onAccessibilityStateChanged
    4:5:void onAccessibilityStateChanged(boolean):307:308 -> onAccessibilityStateChanged
    6:8:void onAccessibilityStateChanged(boolean):311:313 -> onAccessibilityStateChanged
    9:9:void onAccessibilityStateChanged(boolean):312:312 -> onAccessibilityStateChanged
io.flutter.view.AccessibilityBridge$3 -> io.flutter.view.c$c:
    io.flutter.view.AccessibilityBridge this$0 -> a
    1:1:void <init>(io.flutter.view.AccessibilityBridge,android.os.Handler):328:328 -> <init>
    1:1:void onChange(boolean):331:331 -> onChange
    2:2:void onChange(boolean,android.net.Uri):336:336 -> onChange
    3:3:void onChange(boolean,android.net.Uri):340:340 -> onChange
    4:4:void onChange(boolean,android.net.Uri):344:344 -> onChange
    5:5:void onChange(boolean,android.net.Uri):343:343 -> onChange
    6:6:void onChange(boolean,android.net.Uri):346:346 -> onChange
    7:7:void onChange(boolean,android.net.Uri):348:348 -> onChange
    8:8:void onChange(boolean,android.net.Uri):350:350 -> onChange
    9:9:void onChange(boolean,android.net.Uri):352:352 -> onChange