test/testdata/dart/build/app/outputs/mapping/release/usage.txt
kotlin.jvm.internal.LongCompanionObject
kotlin.sequences.SequencesKt___SequencesKt$runningReduce$1
kotlin.contracts.Effect
org.intellij.lang.annotations.JdkConstants$TabPlacement
androidx.fragment.app.FragmentManager$OnBackStackChangedListener
kotlin.time.AdjustedTimeMark
io.flutter.embedding.engine.systemchannels.TextInputChannel:
    private static final java.lang.String TAG
androidx.fragment.app.DialogFragment
kotlin.jvm.internal.ClassReference:
    public static synthetic void getTypeParameters$annotations()
    public static synthetic void getSupertypes$annotations()
    public static synthetic void getSealedSubclasses$annotations()
    public static synthetic void getVisibility$annotations()
    public static synthetic void isFinal$annotations()
    public static synthetic void isOpen$annotations()
    public static synthetic void isAbstract$annotations()
    public static synthetic void isSealed$annotations()
    public static synthetic void isData$annotations()
    public static synthetic void isInner$annotations()
    public static synthetic void isCompanion$annotations()
    public static synthetic void isFun$annotations()
    private final java.lang.Void error()
    public static final synthetic java.util.Map access$getSimpleNames$cp()
    public static final synthetic java.util.HashMap access$getClassFqNames$cp()
    public static final synthetic java.util.Map access$getFUNCTION_CLASSES$cp()
    public java.lang.String getSimpleName()
    public java.lang.String getQualifiedName()
    public java.util.Collection getMembers()
    public java.util.Collection getConstructors()
    public java.util.Collection getNestedClasses()
    public java.util.List getAnnotations()
    public java.lang.Object getObjectInstance()
    public boolean isInstance(java.lang.Object)
    public java.util.List getTypeParameters()
    public java.util.List getSupertypes()
androidx.core.internal.package-info
com.bugsnag.flutter.BugsnagFlutterConfiguration:
    public void <init>()
io.flutter.embedding.android.AndroidTouchProcessor$PointerDeviceKind
io.flutter.app.FlutterFragmentActivity
androidx.core.widget.AutoScrollHelper$ScrollAnimationRunnable
androidx.core.view.accessibility.AccessibilityViewCommand$CommandArguments
androidx.annotation.AttrRes
com.bugsnag.android.repackaged.dslplatform.json.DslJson$10
androidx.core.content.pm.ActivityInfoCompat
org.intellij.lang.annotations.MagicConstant
com.bugsnag.android.ConfigInternal:
    protected static final com.bugsnag.android.Configuration load(android.content.Context,java.lang.String)
    public final void setMaxStringValueLength(int)
    public void addOnError(com.bugsnag.android.OnErrorCallback)
    public void removeOnError(com.bugsnag.android.OnErrorCallback)
    public void addOnBreadcrumb(com.bugsnag.android.OnBreadcrumbCallback)
    public void removeOnBreadcrumb(com.bugsnag.android.OnBreadcrumbCallback)
    public void addOnSession(com.bugsnag.android.OnSessionCallback)
    public void removeOnSession(com.bugsnag.android.OnSessionCallback)
    public final void addOnSend(com.bugsnag.android.OnSendCallback)
    public final void removeOnSend(com.bugsnag.android.OnSendCallback)
    public void addMetadata(java.lang.String,java.lang.String,java.lang.Object)
    public void clearMetadata(java.lang.String)
    public void clearMetadata(java.lang.String,java.lang.String)
    public java.util.Map getMetadata(java.lang.String)
    public java.lang.Object getMetadata(java.lang.String,java.lang.String)
    public void addFeatureFlag(java.lang.String)
    public void addFeatureFlag(java.lang.String,java.lang.String)
    public void clearFeatureFlag(java.lang.String)
    public void clearFeatureFlags()
    public final void addPlugin(com.bugsnag.android.Plugin)
    public final void setApiKey(java.lang.String)
    private static final int DEFAULT_MAX_BREADCRUMBS
androidx.core.view.GestureDetectorCompat
androidx.core.app.Person